<?xml version="1.0" encoding="UTF-8"?>
<!-- Generated by org.testng.reporters.JUnitXMLReporter -->
<testsuite ignored="0" hostname="Malatis-MacBook-Air.local" failures="0" tests="4" name="Default test" time="14.752" errors="0" timestamp="2025-07-01T15:24:41 IST">
  <testcase classname="com.api.Tests.userTest" name="createUserTest" time="1.748"/>
  <testcase classname="com.api.Tests.userTest" name="getUserTest" time="5.978"/>
  <testcase classname="com.api.Tests.userTest" name="updateUserTest" time="1.445"/>
  <testcase classname="com.api.Tests.userTest" name="deleteUserTest" time="5.51"/>
</testsuite> <!-- Default test -->
