<?xml version="1.0" encoding="UTF-8"?>
<testng-results ignored="0" total="1" passed="1" failed="0" skipped="0">
  <reporter-output>
  </reporter-output>
  <suite started-at="2025-06-05T22:31:16 IST" name="Default suite" finished-at="2025-06-05T22:31:20 IST" duration-ms="4112">
    <groups>
    </groups>
    <test started-at="2025-06-05T22:31:16 IST" name="Default test" finished-at="2025-06-05T22:31:20 IST" duration-ms="4112">
      <class name="com.api.Tests.UserTest">
        <test-method signature="createUser()[pri:0, instance:com.api.Tests.UserTest@4fb61f4a]" started-at="2025-06-05T22:31:16 IST" name="createUser" finished-at="2025-06-05T22:31:20 IST" duration-ms="4061" status="PASS">
          <reporter-output>
          </reporter-output>
        </test-method> <!-- createUser -->
      </class> <!-- com.api.Tests.UserTest -->
    </test> <!-- Default test -->
  </suite> <!-- Default suite -->
</testng-results>
